Pertemuan12/Homework073_Madhin/app/build/intermediates/manifest_merge_blame_file/debug/manifest-merger-blame-debug-report.txt
1<?xml version="1.0" encoding="utf-8"?>
2<manifest xmlns:android="http://schemas.android.com/apk/res/android"
3    package="id.ac.poliban.mi.va.sherli.homework073_sherli"
4    android:versionCode="1"
5    android:versionName="1.0" >
6
7    <uses-sdk
8        android:minSdkVersion="21"
8-->src\main\AndroidManifest.xml
9        android:targetSdkVersion="32" />
9-->src\main\AndroidManifest.xml
10
11    <application
11-->src\main\AndroidManifest.xml:5:5-34:19
12        android:allowBackup="true"
12-->src\main\AndroidManifest.xml:6:9-35
13        android:appComponentFactory="android.support.v4.app.CoreComponentFactory"
13-->[com.android.support:support-compat:28.0.0] AndroidManifest.xml:22:18-91
14        android:dataExtractionRules="@xml/data_extraction_rules"
14-->src\main\AndroidManifest.xml:7:9-65
15        android:debuggable="true"
16        android:fullBackupContent="@xml/backup_rules"
16-->src\main\AndroidManifest.xml:8:9-54
17        android:icon="@mipmap/ic_launcher"
17-->src\main\AndroidManifest.xml:9:9-43
18        android:label="@string/app_name"
18-->src\main\AndroidManifest.xml:10:9-41
19        android:roundIcon="@mipmap/ic_launcher_round"
19-->src\main\AndroidManifest.xml:11:9-54
20        android:supportsRtl="true"
20-->src\main\AndroidManifest.xml:12:9-35
21        android:testOnly="true"
22        android:theme="@style/Theme.Homework073_Sherli" >
22-->src\main\AndroidManifest.xml:13:9-56
23        <receiver
23-->src\main\AndroidManifest.xml:15:9-19:20
24            android:name="id.ac.poliban.mi.va.sherli.homework073_sherli.CustomReceiver"
24-->src\main\AndroidManifest.xml:16:13-43
25            android:enabled="true"
25-->src\main\AndroidManifest.xml:17:13-35
26            android:exported="true" >
26-->src\main\AndroidManifest.xml:18:13-36
27        </receiver>
28
29        <activity
29-->src\main\AndroidManifest.xml:21:9-33:20
30            android:name="id.ac.poliban.mi.va.sherli.homework073_sherli.MainActivity"
30-->src\main\AndroidManifest.xml:22:13-41
31            android:exported="true" >
31-->src\main\AndroidManifest.xml:23:13-36
32            <intent-filter>
32-->src\main\AndroidManifest.xml:24:13-28:29
33                <action android:name="android.intent.action.MAIN" />
33-->src\main\AndroidManifest.xml:25:17-69
33-->src\main\AndroidManifest.xml:25:25-66
34
35                <category android:name="android.intent.category.LAUNCHER" />
35-->src\main\AndroidManifest.xml:27:17-77
35-->src\main\AndroidManifest.xml:27:27-74
36            </intent-filter>
37
38            <meta-data
38-->src\main\AndroidManifest.xml:30:13-32:36
39                android:name="android.app.lib_name"
39-->src\main\AndroidManifest.xml:31:17-52
40                android:value="" />
40-->src\main\AndroidManifest.xml:32:17-33
41        </activity>
42    </application>
43
44</manifest>